<?xml version="1.0" encoding="UTF-8"?>
<testsuite xmlns:xsi="http://www.w3.org/2001/XMLSchema-instance" xsi:noNamespaceSchemaLocation="https://maven.apache.org/surefire/maven-surefire-plugin/xsd/surefire-test-report-3.0.xsd" version="3.0" name="br.com.legalizzr.reactivebasic.QuarkusReactBasicTest" time="18.228" tests="1" errors="0" skipped="0" failures="0">
  <properties>
[...]
</properties>
  <testcase name="testHelloEndpoint" classname="br.com.legalizzr.reactivebasic.QuarkusReactBasicTest" time="1.831">
    <system-out><![CDATA[2022-03-12 11:07:27,249 INFO  [org.jbo.threads] (main) JBoss Threads version 3.4.2.Final
2022-03-12 11:07:27,861 INFO  [org.tes.doc.DockerClientProviderStrategy] (build-3) Loaded org.testcontainers.dockerclient.NpipeSocketClientProviderStrategy from ~/.testcontainers.properties, will try it first
2022-03-12 11:07:28,865 INFO  [org.tes.doc.DockerClientProviderStrategy] (build-3) Found Docker environment with local Npipe socket (npipe:////./pipe/docker_engine)
2022-03-12 11:07:28,867 INFO  [org.tes.DockerClientFactory] (build-3) Docker host IP address is localhost
2022-03-12 11:07:28,928 INFO  [org.tes.DockerClientFactory] (build-3) Connected to docker: 
  Server Version: 20.10.12
  API Version: 1.41
  Operating System: Docker Desktop
  Total Memory: 12574 MB
2022-03-12 11:07:28,946 INFO  [org.tes.uti.ImageNameSubstitutor] (build-3) Image name substitution will be performed by: DefaultImageNameSubstitutor (composite of 'ConfigurationFileImageNameSubstitutor' and 'PrefixingImageNameSubstitutor')
2022-03-12 11:07:29,966 INFO  [org.tes.uti.RegistryAuthLocator] (build-3) Credential helper/store (docker-credential-desktop) does not have credentials for index.docker.io
2022-03-12 11:07:32,350 INFO  [org.tes.DockerClientFactory] (build-3) Ryuk started - will monitor and terminate Testcontainers containers on JVM exit
2022-03-12 11:07:32,350 INFO  [org.tes.DockerClientFactory] (build-3) Checking the system...
2022-03-12 11:07:32,351 INFO  [org.tes.DockerClientFactory] (build-3) ?? Docker server version should be at least 1.6.0
2022-03-12 11:07:32,524 INFO  [org.tes.DockerClientFactory] (build-3) ?? Docker environment should have more than 2GB free disk space
2022-03-12 11:07:32,569 INFO  [doc.io/.1]] (build-3) Creating container for image: docker.io/postgres:14.1
2022-03-12 11:07:32,840 INFO  [org.tes.uti.RegistryAuthLocator] (build-3) Credential helper/store (docker-credential-desktop) does not have credentials for docker.io
2022-03-12 11:07:32,964 INFO  [doc.io/.1]] (build-3) Container docker.io/postgres:14.1 is starting: 4c463ef895f71caf1e3e1a0f34b7392212b04f7b29bb07dfb0dd0921149fe2b8
2022-03-12 11:07:34,632 INFO  [doc.io/.1]] (build-3) Container docker.io/postgres:14.1 started in PT2.0939613S
2022-03-12 11:07:34,634 INFO  [io.qua.dev.pos.dep.PostgresqlDevServicesProcessor] (build-3) Dev Services for PostgreSQL started.
2022-03-12 11:07:34,635 INFO  [io.qua.dat.dep.dev.DevServicesDatasourceProcessor] (build-3) Dev Services for the default datasource (postgresql) started.
2022-03-12 11:07:36,121 INFO  [org.hib.rea.pro.imp.ReactiveIntegrator] (JPA Startup Thread: default-reactive) HR000001: Hibernate Reactive
2022-03-12 11:07:36,464 WARN  [io.ver.sql.imp.SocketConnectionBase] (vert.x-eventloop-thread-0) Backend notice: severity='NOTICE', code='00000', message='table "fruit" does not exist, skipping', detail='null', hint='null', position='null', internalPosition='null', internalQuery='null', where='null', file='tablecmds.c', line='1265', routine='DropErrorMsgNonExistent', schema='null', table='null', column='null', dataType='null', constraint='null'
2022-03-12 11:07:36,467 WARN  [io.ver.sql.imp.SocketConnectionBase] (vert.x-eventloop-thread-0) Backend notice: severity='NOTICE', code='00000', message='sequence "hibernate_sequence" does not exist, skipping', detail='null', hint='null', position='null', internalPosition='null', internalQuery='null', where='null', file='tablecmds.c', line='1265', routine='DropErrorMsgNonExistent', schema='null', table='null', column='null', dataType='null', constraint='null'
2022-03-12 11:07:36,495 WARN  [io.ver.sql.imp.SocketConnectionBase] (vert.x-eventloop-thread-0) Backend notice: severity='NOTICE', code='00000', message='table "fruit" does not exist, skipping', detail='null', hint='null', position='null', internalPosition='null', internalQuery='null', where='null', file='tablecmds.c', line='1265', routine='DropErrorMsgNonExistent', schema='null', table='null', column='null', dataType='null', constraint='null'
2022-03-12 11:07:36,498 WARN  [io.ver.sql.imp.SocketConnectionBase] (vert.x-eventloop-thread-0) Backend notice: severity='NOTICE', code='00000', message='sequence "hibernate_sequence" does not exist, skipping', detail='null', hint='null', position='null', internalPosition='null', internalQuery='null', where='null', file='tablecmds.c', line='1265', routine='DropErrorMsgNonExistent', schema='null', table='null', column='null', dataType='null', constraint='null'
2022-03-12 11:07:36,591 INFO  [io.quarkus] (main) Quarkus 2.7.4.Final on JVM started in 10.434s. Listening on: http://localhost:8081
2022-03-12 11:07:36,592 INFO  [io.quarkus] (main) Profile test activated. 
2022-03-12 11:07:36,593 INFO  [io.quarkus] (main) Installed features: [cdi, hibernate-orm, hibernate-reactive, hibernate-reactive-panache, reactive-pg-client, resteasy-reactive, resteasy-reactive-jackson, smallrye-context-propagation, vertx]
]]></system-out>
  </testcase>
</testsuite>